<?xml version="1.0" encoding="UTF-8"?>
<!-- Generated by org.testng.reporters.JUnitReportReporter -->
<testsuite hostname="DESKTOP-B95RCTO" failures="0" tests="2" name="testSuite.TestLaunchBrowser" time="1.413" errors="0" timestamp="21 Aug 2022 14:12:27 GMT" skipped="0">
  <testcase classname="testSuite.TestLaunchBrowser" name="openSwagLabs" time="0.728"/>
  <testcase classname="testSuite.TestLaunchBrowser" name="selectCargo" time="0.685"/>
</testsuite> <!-- testSuite.TestLaunchBrowser -->
