<?xml version="1.0" encoding="UTF-8"?>
<!-- Generated by org.testng.reporters.JUnitReportReporter -->
<testsuite hostname="DESKTOP-B95RCTO" failures="0" tests="3" name="testSuite.TestLaunchBrowser" time="1.763" errors="0" timestamp="20 Sep 2022 14:50:18 GMT" skipped="0">
  <testcase classname="testSuite.TestLaunchBrowser" name="selectCargo" time="0.148"/>
  <testcase classname="testSuite.TestLaunchBrowser" name="openSwagLabs" time="0.736"/>
  <testcase classname="testSuite.TestLaunchBrowser" name="AddToCarAndCheckout" time="0.879"/>
</testsuite> <!-- testSuite.TestLaunchBrowser -->
