<?xml version="1.0" encoding="UTF-8"?>
<!-- Generated by org.testng.reporters.JUnitReportReporter -->
<testsuite hostname="DESKTOP-B95RCTO" failures="0" tests="2" name="testSuite.TestLaunchBrowser" time="1.523" errors="0" timestamp="23 Aug 2022 12:08:01 GMT" skipped="0">
  <testcase classname="testSuite.TestLaunchBrowser" name="openSwagLabs" time="1.090"/>
  <testcase classname="testSuite.TestLaunchBrowser" name="selectCargo" time="0.433"/>
</testsuite> <!-- testSuite.TestLaunchBrowser -->
